Using pre-set license
Built from '2021.1/release' branch; Version is '2021.1.16f1 (5fa502fca597) revision 6268162'; Using compiler version '192528614'; Build Type 'Release'
OS: 'Windows 10 Home; OS build 19043.1288; Version 2009; 64bit' Language: 'pt' Physical Memory: 24507 MB
BatchMode: 1, IsHumanControllingUs: 0, StartBugReporterOnCrash: 0, Is64bit: 1, IsPro: 0

 COMMAND LINE ARGUMENTS:
C:\Program Files\Unity\Hub\Editor\2021.1.16f1\Editor\Unity.exe
-adb2
-batchMode
-noUpm
-name
AssetImportWorker0
-projectPath
E:/smile/Alpha 04112021
-logFile
Logs/AssetImportWorker0.log
-srvPort
50178
Successfully changed project path to: E:/smile/Alpha 04112021
E:/smile/Alpha 04112021
Using Asset Import Pipeline V2.
Refreshing native plugins compatible for Editor in 79.08 ms, found 3 plugins.
Preloading 0 native plugins for Editor in 0.00 ms.
Initialize engine version: 2021.1.16f1 (5fa502fca597)
[Subsystems] Discovering subsystems at path C:/Program Files/Unity/Hub/Editor/2021.1.16f1/Editor/Data/Resources/UnitySubsystems
[Subsystems] Discovering subsystems at path E:/smile/Alpha 04112021/Assets
GfxDevice: creating device client; threaded=0; jobified=0
Direct3D:
    Version:  Direct3D 11.0 [level 11.1]
    Renderer: NVIDIA GeForce GTX 1650 (ID=0x1f82)
    Vendor:   NVIDIA
    VRAM:     3962 MB
    Driver:   30.0.14.9613
Initialize mono
Mono path[0] = 'C:/Program Files/Unity/Hub/Editor/2021.1.16f1/Editor/Data/Managed'
Mono path[1] = 'C:/Program Files/Unity/Hub/Editor/2021.1.16f1/Editor/Data/MonoBleedingEdge/lib/mono/unityjit'
Mono config path = 'C:/Program Files/Unity/Hub/Editor/2021.1.16f1/Editor/Data/MonoBleedingEdge/etc'
Using monoOptions --debugger-agent=transport=dt_socket,embedding=1,server=y,suspend=n,address=127.0.0.1:56440
Begin MonoManager ReloadAssembly
Registering precompiled unity dll's ...
Register platform support module: C:/Program Files/Unity/Hub/Editor/2021.1.16f1/Editor/Data/PlaybackEngines/WindowsStandaloneSupport/UnityEditor.WindowsStandalone.Extensions.dll
Registered in 0.002004 seconds.
Native extension for WindowsStandalone target not found
Refreshing native plugins compatible for Editor in 81.96 ms, found 3 plugins.
Preloading 0 native plugins for Editor in 0.00 ms.
Mono: successfully reloaded assembly
- Completed reload, in  1.180 seconds
Domain Reload Profiling:
	ReloadAssembly (1180ms)
		BeginReloadAssembly (61ms)
			ExecutionOrderSort (0ms)
			DisableScriptedObjects (0ms)
			BackupInstance (0ms)
			ReleaseScriptingObjects (0ms)
			CreateAndSetChildDomain (1ms)
		EndReloadAssembly (436ms)
			LoadAssemblies (58ms)
			RebuildTransferFunctionScriptingTraits (0ms)
			SetupTypeCache (155ms)
			ReleaseScriptCaches (0ms)
			RebuildScriptCaches (29ms)
			SetupLoadedEditorAssemblies (207ms)
				LogAssemblyErrors (0ms)
				InitializePlatformSupportModulesInManaged (6ms)
				SetLoadedEditorAssemblies (0ms)
				RefreshPlugins (82ms)
				BeforeProcessingInitializeOnLoad (1ms)
				ProcessInitializeOnLoadAttributes (90ms)
				ProcessInitializeOnLoadMethodAttributes (28ms)
				AfterProcessingInitializeOnLoad (0ms)
				EditorAssembliesLoaded (0ms)
			ExecutionOrderSort2 (0ms)
			AwakeInstancesAfterBackupRestoration (0ms)
Platform modules already initialized, skipping
Registering precompiled user dll's ...
Registered in 0.003809 seconds.
Begin MonoManager ReloadAssembly
Symbol file LoadedFromMemory doesn't match image E:\smile\Alpha 04112021\Library\PackageCache\com.unity.visualscripting@1.6.1\Editor\VisualScripting.Core\Dependencies\YamlDotNet\Unity.VisualScripting.YamlDotNet.dll
Symbol file LoadedFromMemory doesn't match image E:\smile\Alpha 04112021\Library\PackageCache\com.unity.visualscripting@1.6.1\Editor\VisualScripting.Core\Dependencies\DotNetZip\Unity.VisualScripting.IonicZip.dll
Native extension for WindowsStandalone target not found
Refreshing native plugins compatible for Editor in 0.70 ms, found 3 plugins.
Preloading 0 native plugins for Editor in 0.00 ms.
Mono: successfully reloaded assembly
- Completed reload, in  1.250 seconds
Domain Reload Profiling:
	ReloadAssembly (1251ms)
		BeginReloadAssembly (150ms)
			ExecutionOrderSort (0ms)
			DisableScriptedObjects (5ms)
			BackupInstance (0ms)
			ReleaseScriptingObjects (0ms)
			CreateAndSetChildDomain (21ms)
		EndReloadAssembly (1043ms)
			LoadAssemblies (242ms)
			RebuildTransferFunctionScriptingTraits (0ms)
			SetupTypeCache (314ms)
			ReleaseScriptCaches (1ms)
			RebuildScriptCaches (44ms)
			SetupLoadedEditorAssemblies (364ms)
				LogAssemblyErrors (0ms)
				InitializePlatformSupportModulesInManaged (5ms)
				SetLoadedEditorAssemblies (0ms)
				RefreshPlugins (1ms)
				BeforeProcessingInitializeOnLoad (64ms)
				ProcessInitializeOnLoadAttributes (283ms)
				ProcessInitializeOnLoadMethodAttributes (4ms)
				AfterProcessingInitializeOnLoad (7ms)
				EditorAssembliesLoaded (0ms)
			ExecutionOrderSort2 (0ms)
			AwakeInstancesAfterBackupRestoration (6ms)
Platform modules already initialized, skipping
========================================================================
Worker process is ready to serve import requests
Launched and connected shader compiler UnityShaderCompiler.exe after 0.06 seconds
Refreshing native plugins compatible for Editor in 0.69 ms, found 3 plugins.
Preloading 0 native plugins for Editor in 0.00 ms.
Unloading 2987 Unused Serialized files (Serialized files now loaded: 0)
System memory in use before: 109.7 MB.
System memory in use after: 109.9 MB.

Unloading 23 unused Assets to reduce memory usage. Loaded Objects now: 3434.
Total: 3.542300 ms (FindLiveObjects: 0.287200 ms CreateObjectMapping: 0.071700 ms MarkObjects: 3.085700 ms  DeleteObjects: 0.096700 ms)

AssetImportParameters requested are different than current active one (requested -> active):
  custom:framework-win-MediaFoundation: 216162199b28c13a410421893ffa2e32 -> 
  custom:video-decoder-ogg-theora: a1e56fd34408186e4bbccfd4996cb3dc -> 
  custom:container-muxer-webm: aa71ff27fc2769a1b78a27578f13a17b -> 
  custom:container-demuxer-webm: 4f35f7cbe854078d1ac9338744f61a02 -> 
  custom:container-demuxer-ogg: 62fdf1f143b41e24485cea50d1cbac27 -> 
  custom:video-encoder-webm-vp8: eb34c28f22e8b96e1ab97ce403110664 -> 
  custom:video-codec-MediaFoundation-h265: e54d7ab0439102e2317fc1e4b246158d -> 
  custom:video-decoder-webm-vp8: 9c59270c3fd7afecdb556c50c9e8de78 -> 
  custom:audio-decoder-ogg-vorbis: bf7c407c2cedff20999df2af8eb42d56 -> 
  custom:audio-encoder-webm-vorbis: bf7c407c2cedff20999df2af8eb42d56 -> 
========================================================================
Received Import Request.
  path: Assets/HorrorHideAndSeek/HHS Project/Sounds/Interact/Doors/CloseSounds/door_close01.wav
  artifactKey: Guid(3baaa211365a4c84a96301e8bfe2165d) Importer(815301076,1909f56bfc062723c751e8b465ee728b)
Start importing Assets/HorrorHideAndSeek/HHS Project/Sounds/Interact/Doors/CloseSounds/door_close01.wav using Guid(3baaa211365a4c84a96301e8bfe2165d) Importer(815301076,1909f56bfc062723c751e8b465ee728b)  -> (artifact id: 'b9511c84c6bf24b46475470d99397136') in 0.138768 seconds 
========================================================================
Received Import Request.
  Time since last request: 0.000189 seconds.
  path: Assets/HorrorHideAndSeek/HHS Project/Sounds/Interact/Doors/CloseSounds/door_close04.wav
  artifactKey: Guid(f0565552657b7a145954734df935a3a3) Importer(815301076,1909f56bfc062723c751e8b465ee728b)
Start importing Assets/HorrorHideAndSeek/HHS Project/Sounds/Interact/Doors/CloseSounds/door_close04.wav using Guid(f0565552657b7a145954734df935a3a3) Importer(815301076,1909f56bfc062723c751e8b465ee728b)  -> (artifact id: 'ee88fc264125c109fdea819b15e15c9a') in 0.043072 seconds 
========================================================================
Received Import Request.
  Time since last request: 0.000191 seconds.
  path: Assets/HorrorHideAndSeek/HHS Project/Sounds/Enemy/catchSound02.wav
  artifactKey: Guid(369ad2237accb044cb9ce772b93f7929) Importer(815301076,1909f56bfc062723c751e8b465ee728b)
Start importing Assets/HorrorHideAndSeek/HHS Project/Sounds/Enemy/catchSound02.wav using Guid(369ad2237accb044cb9ce772b93f7929) Importer(815301076,1909f56bfc062723c751e8b465ee728b)  -> (artifact id: '1bffb3699e68bac1bab93877245c4b3d') in 0.021801 seconds 
========================================================================
Received Import Request.
  Time since last request: 0.000197 seconds.
  path: Assets/HorrorHideAndSeek/HHS Project/Sounds/Interact/Doors/OpenSounds/door_open01.wav
  artifactKey: Guid(669fd83df214f464f9faff5306af9312) Importer(815301076,1909f56bfc062723c751e8b465ee728b)
Start importing Assets/HorrorHideAndSeek/HHS Project/Sounds/Interact/Doors/OpenSounds/door_open01.wav using Guid(669fd83df214f464f9faff5306af9312) Importer(815301076,1909f56bfc062723c751e8b465ee728b)  -> (artifact id: '837e3909729070389280f132016fd8d7') in 0.034990 seconds 
========================================================================
Received Import Request.
  Time since last request: 0.000193 seconds.
  path: Assets/HorrorHideAndSeek/HHS Project/Sounds/Ambient/Ambient_Danger.wav
  artifactKey: Guid(542a9b5eddc6bf241a393b2e7cb3f21c) Importer(815301076,1909f56bfc062723c751e8b465ee728b)
Start importing Assets/HorrorHideAndSeek/HHS Project/Sounds/Ambient/Ambient_Danger.wav using Guid(542a9b5eddc6bf241a393b2e7cb3f21c) Importer(815301076,1909f56bfc062723c751e8b465ee728b)  -> (artifact id: 'a46271f5be7e51789772ba8f38323b7e') in 0.024747 seconds 
========================================================================
Received Import Request.
  Time since last request: 0.000197 seconds.
  path: Assets/HorrorHideAndSeek/HHS Project/Sounds/Interact/Doors/CloseSounds/door_close05.wav
  artifactKey: Guid(623b0243dbea41a4ba5246c3f535faa4) Importer(815301076,1909f56bfc062723c751e8b465ee728b)
Start importing Assets/HorrorHideAndSeek/HHS Project/Sounds/Interact/Doors/CloseSounds/door_close05.wav using Guid(623b0243dbea41a4ba5246c3f535faa4) Importer(815301076,1909f56bfc062723c751e8b465ee728b)  -> (artifact id: '31d22dcd169fd400f5ec3d728c2d6597') in 0.033565 seconds 
========================================================================
Received Import Request.
  Time since last request: 0.000174 seconds.
  path: Assets/HorrorHideAndSeek/HHS Project/Sounds/Enemy/catchSound.wav
  artifactKey: Guid(1622ed45c87dd7f4f81b0ed48c185fde) Importer(815301076,1909f56bfc062723c751e8b465ee728b)
Start importing Assets/HorrorHideAndSeek/HHS Project/Sounds/Enemy/catchSound.wav using Guid(1622ed45c87dd7f4f81b0ed48c185fde) Importer(815301076,1909f56bfc062723c751e8b465ee728b)  -> (artifact id: 'f1bf664e2fd782440f46198ba28de0dc') in 0.033245 seconds 
========================================================================
Received Import Request.
  Time since last request: 0.000162 seconds.
  path: Assets/HorrorHideAndSeek/HHS Project/Sounds/Interact/Doors/OpenSounds/door_open02.wav
  artifactKey: Guid(9e97cc19b56280f40b685f40b2b81f76) Importer(815301076,1909f56bfc062723c751e8b465ee728b)
Start importing Assets/HorrorHideAndSeek/HHS Project/Sounds/Interact/Doors/OpenSounds/door_open02.wav using Guid(9e97cc19b56280f40b685f40b2b81f76) Importer(815301076,1909f56bfc062723c751e8b465ee728b)  -> (artifact id: 'b28c4c0cb919bfeb87ae4db4e6e7ad6e') in 0.024675 seconds 
========================================================================
Received Import Request.
  Time since last request: 0.000188 seconds.
  path: Assets/HorrorHideAndSeek/HHS Project/Sounds/Interact/Doors/OpenSounds/door_open03.wav
  artifactKey: Guid(2d96bab3650c44942a069843f65d400c) Importer(815301076,1909f56bfc062723c751e8b465ee728b)
Start importing Assets/HorrorHideAndSeek/HHS Project/Sounds/Interact/Doors/OpenSounds/door_open03.wav using Guid(2d96bab3650c44942a069843f65d400c) Importer(815301076,1909f56bfc062723c751e8b465ee728b)  -> (artifact id: 'b2495203546a2de65f2a07feb41882ca') in 0.027098 seconds 
========================================================================
Received Import Request.
  Time since last request: 0.000191 seconds.
  path: Assets/HorrorHideAndSeek/HHS Project/Sounds/Ambient/Ambient01.wav
  artifactKey: Guid(e342b43e422ec764bb3c10e6448ff505) Importer(815301076,1909f56bfc062723c751e8b465ee728b)
Start importing Assets/HorrorHideAndSeek/HHS Project/Sounds/Ambient/Ambient01.wav using Guid(e342b43e422ec764bb3c10e6448ff505) Importer(815301076,1909f56bfc062723c751e8b465ee728b)  -> (artifact id: '099826baa28f0a3867c36ca2020f2620') in 0.026197 seconds 
========================================================================
Received Import Request.
  Time since last request: 0.000304 seconds.
  path: Assets/HorrorHideAndSeek/HHS Project/Sounds/Interact/Doors/CloseSounds/door_close02.wav
  artifactKey: Guid(89f6652c0ea9ba44e8f1a2b63f78d66c) Importer(815301076,1909f56bfc062723c751e8b465ee728b)
Start importing Assets/HorrorHideAndSeek/HHS Project/Sounds/Interact/Doors/CloseSounds/door_close02.wav using Guid(89f6652c0ea9ba44e8f1a2b63f78d66c) Importer(815301076,1909f56bfc062723c751e8b465ee728b)  -> (artifact id: 'a77b9e6390c6bdfefbed43a899f5fb91') in 0.021603 seconds 
========================================================================
Received Import Request.
  Time since last request: 0.000193 seconds.
  path: Assets/HorrorHideAndSeek/HHS Project/Sounds/Interact/Doors/CloseSounds/door_close03.wav
  artifactKey: Guid(6850ca09513d6b1418d96d84a2385b6f) Importer(815301076,1909f56bfc062723c751e8b465ee728b)
Start importing Assets/HorrorHideAndSeek/HHS Project/Sounds/Interact/Doors/CloseSounds/door_close03.wav using Guid(6850ca09513d6b1418d96d84a2385b6f) Importer(815301076,1909f56bfc062723c751e8b465ee728b)  -> (artifact id: 'a07b1f5fc6567a7db154832692a6d2f6') in 0.024179 seconds 
========================================================================
Received Import Request.
  Time since last request: 12.740864 seconds.
  path: Assets/HorrorHideAndSeek/HHS Project/Models/Characters/Enemy/risada.mp3
  artifactKey: Guid(55cb91ca80eb30548aab9ef987d77bc3) Importer(815301076,1909f56bfc062723c751e8b465ee728b)
Start importing Assets/HorrorHideAndSeek/HHS Project/Models/Characters/Enemy/risada.mp3 using Guid(55cb91ca80eb30548aab9ef987d77bc3) Importer(815301076,1909f56bfc062723c751e8b465ee728b)  -> (artifact id: 'ab2ab32094595f238d1d57b5675d7edb') in 0.023303 seconds 
========================================================================
Received Import Request.
  Time since last request: 715.431395 seconds.
  path: Assets/HorrorHideAndSeek/HHS Project/Sounds/Enemy/followBreath.wav
  artifactKey: Guid(4fb3f2474cc430946bdd948a7e302a4c) Importer(815301076,1909f56bfc062723c751e8b465ee728b)
Start importing Assets/HorrorHideAndSeek/HHS Project/Sounds/Enemy/followBreath.wav using Guid(4fb3f2474cc430946bdd948a7e302a4c) Importer(815301076,1909f56bfc062723c751e8b465ee728b)  -> (artifact id: '8041518ebfe3267b3334f81a076fe1eb') in 0.024346 seconds 
========================================================================
Received Import Request.
  Time since last request: 0.000174 seconds.
  path: Assets/HorrorHideAndSeek/HHS Project/Sounds/Enemy/idleBreath.wav
  artifactKey: Guid(abcdfebfae0ebee4bb621bbbfd55ef44) Importer(815301076,1909f56bfc062723c751e8b465ee728b)
Start importing Assets/HorrorHideAndSeek/HHS Project/Sounds/Enemy/idleBreath.wav using Guid(abcdfebfae0ebee4bb621bbbfd55ef44) Importer(815301076,1909f56bfc062723c751e8b465ee728b)  -> (artifact id: '8bea3de3869498117e8bd7949c4bc7b6') in 0.018465 seconds 
========================================================================
Received Import Request.
  Time since last request: 0.000181 seconds.
  path: Assets/HorrorHideAndSeek/HHS Project/Sounds/Interact/HidePlace/UnhideFromBed.wav
  artifactKey: Guid(ebd517ae144e1a34083254d99c3e6248) Importer(815301076,1909f56bfc062723c751e8b465ee728b)
Start importing Assets/HorrorHideAndSeek/HHS Project/Sounds/Interact/HidePlace/UnhideFromBed.wav using Guid(ebd517ae144e1a34083254d99c3e6248) Importer(815301076,1909f56bfc062723c751e8b465ee728b)  -> (artifact id: '3d87963577d72f09829efa1027a1fd31') in 0.021524 seconds 
========================================================================
Received Import Request.
  Time since last request: 0.000269 seconds.
  path: Assets/HorrorHideAndSeek/HHS Project/Sounds/Enemy/hitSound.wav
  artifactKey: Guid(e447b16fea033cf4c9f7bf818caf33d9) Importer(815301076,1909f56bfc062723c751e8b465ee728b)
Start importing Assets/HorrorHideAndSeek/HHS Project/Sounds/Enemy/hitSound.wav using Guid(e447b16fea033cf4c9f7bf818caf33d9) Importer(815301076,1909f56bfc062723c751e8b465ee728b)  -> (artifact id: 'fc277c3ffa639b6fa7542b0eec1a1feb') in 0.020348 seconds 
========================================================================
Received Import Request.
  Time since last request: 0.000202 seconds.
  path: Assets/HorrorHideAndSeek/HHS Project/Sounds/Interact/HidePlace/HideUnderBed.wav
  artifactKey: Guid(592bee91096a8b64f84ac5ef6901a34f) Importer(815301076,1909f56bfc062723c751e8b465ee728b)
Start importing Assets/HorrorHideAndSeek/HHS Project/Sounds/Interact/HidePlace/HideUnderBed.wav using Guid(592bee91096a8b64f84ac5ef6901a34f) Importer(815301076,1909f56bfc062723c751e8b465ee728b)  -> (artifact id: 'fe9c3c71daeda135d53af5454f658044') in 0.027129 seconds 
========================================================================
Received Import Request.
  Time since last request: 0.000197 seconds.
  path: Assets/HorrorHideAndSeek/HHS Project/Sounds/Interact/Colliding/HavyItemFall.wav
  artifactKey: Guid(321e7701a1f28df429b47d6b7bd1c172) Importer(815301076,1909f56bfc062723c751e8b465ee728b)
Start importing Assets/HorrorHideAndSeek/HHS Project/Sounds/Interact/Colliding/HavyItemFall.wav using Guid(321e7701a1f28df429b47d6b7bd1c172) Importer(815301076,1909f56bfc062723c751e8b465ee728b)  -> (artifact id: '0607523917e19a2e9463d9f3a7250d2a') in 0.026566 seconds 
========================================================================
Received Prepare
Registering precompiled user dll's ...
Registered in 0.004082 seconds.
Begin MonoManager ReloadAssembly
Symbol file LoadedFromMemory doesn't match image E:\smile\Alpha 04112021\Library\PackageCache\com.unity.visualscripting@1.6.1\Editor\VisualScripting.Core\Dependencies\YamlDotNet\Unity.VisualScripting.YamlDotNet.dll
Symbol file LoadedFromMemory doesn't match image E:\smile\Alpha 04112021\Library\PackageCache\com.unity.visualscripting@1.6.1\Editor\VisualScripting.Core\Dependencies\DotNetZip\Unity.VisualScripting.IonicZip.dll
Native extension for WindowsStandalone target not found
Refreshing native plugins compatible for Editor in 0.89 ms, found 3 plugins.
Preloading 0 native plugins for Editor in 0.00 ms.
Mono: successfully reloaded assembly
- Completed reload, in  1.172 seconds
Domain Reload Profiling:
	ReloadAssembly (1172ms)
		BeginReloadAssembly (128ms)
			ExecutionOrderSort (0ms)
			DisableScriptedObjects (4ms)
			BackupInstance (0ms)
			ReleaseScriptingObjects (0ms)
			CreateAndSetChildDomain (42ms)
		EndReloadAssembly (976ms)
			LoadAssemblies (99ms)
			RebuildTransferFunctionScriptingTraits (0ms)
			SetupTypeCache (351ms)
			ReleaseScriptCaches (1ms)
			RebuildScriptCaches (47ms)
			SetupLoadedEditorAssemblies (386ms)
				LogAssemblyErrors (0ms)
				InitializePlatformSupportModulesInManaged (5ms)
				SetLoadedEditorAssemblies (0ms)
				RefreshPlugins (1ms)
				BeforeProcessingInitializeOnLoad (52ms)
				ProcessInitializeOnLoadAttributes (314ms)
				ProcessInitializeOnLoadMethodAttributes (5ms)
				AfterProcessingInitializeOnLoad (8ms)
				EditorAssembliesLoaded (0ms)
			ExecutionOrderSort2 (0ms)
			AwakeInstancesAfterBackupRestoration (8ms)
Platform modules already initialized, skipping
Refreshing native plugins compatible for Editor in 0.82 ms, found 3 plugins.
Preloading 0 native plugins for Editor in 0.00 ms.
Unloading 2982 Unused Serialized files (Serialized files now loaded: 0)
System memory in use before: 113.4 MB.
System memory in use after: 113.6 MB.

Unloading 18 unused Assets to reduce memory usage. Loaded Objects now: 3446.
Total: 3.962800 ms (FindLiveObjects: 0.512700 ms CreateObjectMapping: 0.098000 ms MarkObjects: 3.290100 ms  DeleteObjects: 0.060400 ms)

AssetImportParameters requested are different than current active one (requested -> active):
  custom:framework-win-MediaFoundation: 216162199b28c13a410421893ffa2e32 -> 
  custom:video-decoder-ogg-theora: a1e56fd34408186e4bbccfd4996cb3dc -> 
  custom:container-muxer-webm: aa71ff27fc2769a1b78a27578f13a17b -> 
  custom:container-demuxer-webm: 4f35f7cbe854078d1ac9338744f61a02 -> 
  custom:container-demuxer-ogg: 62fdf1f143b41e24485cea50d1cbac27 -> 
  custom:video-encoder-webm-vp8: eb34c28f22e8b96e1ab97ce403110664 -> 
  custom:video-codec-MediaFoundation-h265: e54d7ab0439102e2317fc1e4b246158d -> 
  custom:video-decoder-webm-vp8: 9c59270c3fd7afecdb556c50c9e8de78 -> 
  custom:audio-decoder-ogg-vorbis: bf7c407c2cedff20999df2af8eb42d56 -> 
  custom:audio-encoder-webm-vorbis: bf7c407c2cedff20999df2af8eb42d56 -> 
========================================================================
Received Prepare
Registering precompiled user dll's ...
Registered in 0.003732 seconds.
Begin MonoManager ReloadAssembly
Symbol file LoadedFromMemory doesn't match image E:\smile\Alpha 04112021\Library\PackageCache\com.unity.visualscripting@1.6.1\Editor\VisualScripting.Core\Dependencies\YamlDotNet\Unity.VisualScripting.YamlDotNet.dll
Symbol file LoadedFromMemory doesn't match image E:\smile\Alpha 04112021\Library\PackageCache\com.unity.visualscripting@1.6.1\Editor\VisualScripting.Core\Dependencies\DotNetZip\Unity.VisualScripting.IonicZip.dll
Native extension for WindowsStandalone target not found
Refreshing native plugins compatible for Editor in 0.71 ms, found 3 plugins.
Preloading 0 native plugins for Editor in 0.00 ms.
Mono: successfully reloaded assembly
- Completed reload, in  1.028 seconds
Domain Reload Profiling:
	ReloadAssembly (1028ms)
		BeginReloadAssembly (112ms)
			ExecutionOrderSort (0ms)
			DisableScriptedObjects (4ms)
			BackupInstance (0ms)
			ReleaseScriptingObjects (0ms)
			CreateAndSetChildDomain (35ms)
		EndReloadAssembly (859ms)
			LoadAssemblies (88ms)
			RebuildTransferFunctionScriptingTraits (0ms)
			SetupTypeCache (311ms)
			ReleaseScriptCaches (1ms)
			RebuildScriptCaches (40ms)
			SetupLoadedEditorAssemblies (334ms)
				LogAssemblyErrors (0ms)
				InitializePlatformSupportModulesInManaged (4ms)
				SetLoadedEditorAssemblies (1ms)
				RefreshPlugins (1ms)
				BeforeProcessingInitializeOnLoad (47ms)
				ProcessInitializeOnLoadAttributes (269ms)
				ProcessInitializeOnLoadMethodAttributes (5ms)
				AfterProcessingInitializeOnLoad (7ms)
				EditorAssembliesLoaded (0ms)
			ExecutionOrderSort2 (0ms)
			AwakeInstancesAfterBackupRestoration (6ms)
Platform modules already initialized, skipping
Refreshing native plugins compatible for Editor in 0.88 ms, found 3 plugins.
Preloading 0 native plugins for Editor in 0.00 ms.
Unloading 2982 Unused Serialized files (Serialized files now loaded: 0)
System memory in use before: 113.5 MB.
System memory in use after: 113.7 MB.

Unloading 18 unused Assets to reduce memory usage. Loaded Objects now: 3449.
Total: 3.285400 ms (FindLiveObjects: 0.286400 ms CreateObjectMapping: 0.074100 ms MarkObjects: 2.872700 ms  DeleteObjects: 0.050800 ms)

AssetImportParameters requested are different than current active one (requested -> active):
  custom:framework-win-MediaFoundation: 216162199b28c13a410421893ffa2e32 -> 
  custom:video-decoder-ogg-theora: a1e56fd34408186e4bbccfd4996cb3dc -> 
  custom:container-muxer-webm: aa71ff27fc2769a1b78a27578f13a17b -> 
  custom:container-demuxer-webm: 4f35f7cbe854078d1ac9338744f61a02 -> 
  custom:container-demuxer-ogg: 62fdf1f143b41e24485cea50d1cbac27 -> 
  custom:video-encoder-webm-vp8: eb34c28f22e8b96e1ab97ce403110664 -> 
  custom:video-codec-MediaFoundation-h265: e54d7ab0439102e2317fc1e4b246158d -> 
  custom:video-decoder-webm-vp8: 9c59270c3fd7afecdb556c50c9e8de78 -> 
  custom:audio-decoder-ogg-vorbis: bf7c407c2cedff20999df2af8eb42d56 -> 
  custom:audio-encoder-webm-vorbis: bf7c407c2cedff20999df2af8eb42d56 -> 
========================================================================
Received Prepare
Registering precompiled user dll's ...
Registered in 0.003794 seconds.
Begin MonoManager ReloadAssembly
Symbol file LoadedFromMemory doesn't match image E:\smile\Alpha 04112021\Library\PackageCache\com.unity.visualscripting@1.6.1\Editor\VisualScripting.Core\Dependencies\YamlDotNet\Unity.VisualScripting.YamlDotNet.dll
Symbol file LoadedFromMemory doesn't match image E:\smile\Alpha 04112021\Library\PackageCache\com.unity.visualscripting@1.6.1\Editor\VisualScripting.Core\Dependencies\DotNetZip\Unity.VisualScripting.IonicZip.dll
Native extension for WindowsStandalone target not found
Refreshing native plugins compatible for Editor in 0.74 ms, found 3 plugins.
Preloading 0 native plugins for Editor in 0.00 ms.
Mono: successfully reloaded assembly
- Completed reload, in  1.036 seconds
Domain Reload Profiling:
	ReloadAssembly (1036ms)
		BeginReloadAssembly (110ms)
			ExecutionOrderSort (0ms)
			DisableScriptedObjects (4ms)
			BackupInstance (0ms)
			ReleaseScriptingObjects (0ms)
			CreateAndSetChildDomain (35ms)
		EndReloadAssembly (866ms)
			LoadAssemblies (86ms)
			RebuildTransferFunctionScriptingTraits (0ms)
			SetupTypeCache (323ms)
			ReleaseScriptCaches (1ms)
			RebuildScriptCaches (36ms)
			SetupLoadedEditorAssemblies (337ms)
				LogAssemblyErrors (0ms)
				InitializePlatformSupportModulesInManaged (7ms)
				SetLoadedEditorAssemblies (0ms)
				RefreshPlugins (1ms)
				BeforeProcessingInitializeOnLoad (49ms)
				ProcessInitializeOnLoadAttributes (268ms)
				ProcessInitializeOnLoadMethodAttributes (4ms)
				AfterProcessingInitializeOnLoad (8ms)
				EditorAssembliesLoaded (0ms)
			ExecutionOrderSort2 (0ms)
			AwakeInstancesAfterBackupRestoration (7ms)
Platform modules already initialized, skipping
Refreshing native plugins compatible for Editor in 0.84 ms, found 3 plugins.
Preloading 0 native plugins for Editor in 0.00 ms.
Unloading 2982 Unused Serialized files (Serialized files now loaded: 0)
System memory in use before: 113.5 MB.
System memory in use after: 113.7 MB.

Unloading 18 unused Assets to reduce memory usage. Loaded Objects now: 3452.
Total: 3.997900 ms (FindLiveObjects: 0.361800 ms CreateObjectMapping: 0.130500 ms MarkObjects: 3.257700 ms  DeleteObjects: 0.246100 ms)

AssetImportParameters requested are different than current active one (requested -> active):
  custom:framework-win-MediaFoundation: 216162199b28c13a410421893ffa2e32 -> 
  custom:video-decoder-ogg-theora: a1e56fd34408186e4bbccfd4996cb3dc -> 
  custom:container-muxer-webm: aa71ff27fc2769a1b78a27578f13a17b -> 
  custom:container-demuxer-webm: 4f35f7cbe854078d1ac9338744f61a02 -> 
  custom:container-demuxer-ogg: 62fdf1f143b41e24485cea50d1cbac27 -> 
  custom:video-encoder-webm-vp8: eb34c28f22e8b96e1ab97ce403110664 -> 
  custom:video-codec-MediaFoundation-h265: e54d7ab0439102e2317fc1e4b246158d -> 
  custom:video-decoder-webm-vp8: 9c59270c3fd7afecdb556c50c9e8de78 -> 
  custom:audio-decoder-ogg-vorbis: bf7c407c2cedff20999df2af8eb42d56 -> 
  custom:audio-encoder-webm-vorbis: bf7c407c2cedff20999df2af8eb42d56 -> 
========================================================================
Received Import Request.
  Time since last request: 825.153992 seconds.
  path: Assets/HorrorHideAndSeek/HHS Project/Sounds/Interact/Pickup/ItemPickup01.wav
  artifactKey: Guid(92e2a291ec6d81742931284558a16cf5) Importer(815301076,1909f56bfc062723c751e8b465ee728b)
Start importing Assets/HorrorHideAndSeek/HHS Project/Sounds/Interact/Pickup/ItemPickup01.wav using Guid(92e2a291ec6d81742931284558a16cf5) Importer(815301076,1909f56bfc062723c751e8b465ee728b)  -> (artifact id: 'd5e1924156acd3071a32a6f1d3876a4a') in 0.069467 seconds 
========================================================================
Received Import Request.
  Time since last request: 0.000202 seconds.
  path: Assets/HorrorHideAndSeek/HHS Project/Sounds/FootSteps/Player/WoodStep04.wav
  artifactKey: Guid(7fa14cd6d175e3e448a24b3f64b1f292) Importer(815301076,1909f56bfc062723c751e8b465ee728b)
Start importing Assets/HorrorHideAndSeek/HHS Project/Sounds/FootSteps/Player/WoodStep04.wav using Guid(7fa14cd6d175e3e448a24b3f64b1f292) Importer(815301076,1909f56bfc062723c751e8b465ee728b)  -> (artifact id: 'f7fff6b238fddf0865a84d3659586cf9') in 0.029270 seconds 
========================================================================
Received Import Request.
  Time since last request: 0.000208 seconds.
  path: Assets/HorrorHideAndSeek/HHS Project/Sounds/Interact/Pickup/KeyPickup.wav
  artifactKey: Guid(8f685421b445a464e8f2d570287cd900) Importer(815301076,1909f56bfc062723c751e8b465ee728b)
Start importing Assets/HorrorHideAndSeek/HHS Project/Sounds/Interact/Pickup/KeyPickup.wav using Guid(8f685421b445a464e8f2d570287cd900) Importer(815301076,1909f56bfc062723c751e8b465ee728b)  -> (artifact id: '445b667aee3d0fd531113e3edbbe4ffd') in 0.032026 seconds 
========================================================================
Received Import Request.
  Time since last request: 0.000549 seconds.
  path: Assets/HorrorHideAndSeek/HHS Project/Sounds/FootSteps/Player/WoodStep05.wav
  artifactKey: Guid(d1e42e7dd2e034d4babbe7c24daaba00) Importer(815301076,1909f56bfc062723c751e8b465ee728b)
Start importing Assets/HorrorHideAndSeek/HHS Project/Sounds/FootSteps/Player/WoodStep05.wav using Guid(d1e42e7dd2e034d4babbe7c24daaba00) Importer(815301076,1909f56bfc062723c751e8b465ee728b)  -> (artifact id: '69da2d96103c8a061e7d9765f484260c') in 0.043624 seconds 
========================================================================
Received Import Request.
  Time since last request: 0.000186 seconds.
  path: Assets/HorrorHideAndSeek/HHS Project/Sounds/FootSteps/Player/WoodStep01.wav
  artifactKey: Guid(cf19e3aafcbe3914bb75fb26dab03e70) Importer(815301076,1909f56bfc062723c751e8b465ee728b)
Start importing Assets/HorrorHideAndSeek/HHS Project/Sounds/FootSteps/Player/WoodStep01.wav using Guid(cf19e3aafcbe3914bb75fb26dab03e70) Importer(815301076,1909f56bfc062723c751e8b465ee728b)  -> (artifact id: 'ed852b6d6f5207ef9c318a548b572903') in 0.023226 seconds 
========================================================================
Received Import Request.
  Time since last request: 0.000197 seconds.
  path: Assets/HorrorHideAndSeek/HHS Project/Sounds/Interact/Break/WoodPlankBreak.wav
  artifactKey: Guid(875a6a6e986ee83488bb59b3e0f1001c) Importer(815301076,1909f56bfc062723c751e8b465ee728b)
Start importing Assets/HorrorHideAndSeek/HHS Project/Sounds/Interact/Break/WoodPlankBreak.wav using Guid(875a6a6e986ee83488bb59b3e0f1001c) Importer(815301076,1909f56bfc062723c751e8b465ee728b)  -> (artifact id: '497563b3a802efe5f44e2d30a5828070') in 0.016446 seconds 
========================================================================
Received Import Request.
  Time since last request: 0.000219 seconds.
  path: Assets/HorrorHideAndSeek/HHS Project/Sounds/Player/Damage/LegBreak.wav
  artifactKey: Guid(5b974e2b2ba7bbf4bba73f03dccf0eba) Importer(815301076,1909f56bfc062723c751e8b465ee728b)
Start importing Assets/HorrorHideAndSeek/HHS Project/Sounds/Player/Damage/LegBreak.wav using Guid(5b974e2b2ba7bbf4bba73f03dccf0eba) Importer(815301076,1909f56bfc062723c751e8b465ee728b)  -> (artifact id: '8217f33a203235c5c9055486b8729f1a') in 0.020296 seconds 
========================================================================
Received Import Request.
  Time since last request: 0.000207 seconds.
  path: Assets/HorrorHideAndSeek/HHS Project/Sounds/FootSteps/Player/WoodStep02.wav
  artifactKey: Guid(cc5316cd722540f49bdb9a74a7cdfcb2) Importer(815301076,1909f56bfc062723c751e8b465ee728b)
Start importing Assets/HorrorHideAndSeek/HHS Project/Sounds/FootSteps/Player/WoodStep02.wav using Guid(cc5316cd722540f49bdb9a74a7cdfcb2) Importer(815301076,1909f56bfc062723c751e8b465ee728b)  -> (artifact id: '1cc218da397f0adcb5fb1ba42e88b700') in 0.018392 seconds 
========================================================================
Received Import Request.
  Time since last request: 0.000203 seconds.
  path: Assets/HorrorHideAndSeek/HHS Project/Sounds/FootSteps/Player/WoodStep03.wav
  artifactKey: Guid(ecf5f4a08ce52c140803e8edb48dba6d) Importer(815301076,1909f56bfc062723c751e8b465ee728b)
Start importing Assets/HorrorHideAndSeek/HHS Project/Sounds/FootSteps/Player/WoodStep03.wav using Guid(ecf5f4a08ce52c140803e8edb48dba6d) Importer(815301076,1909f56bfc062723c751e8b465ee728b)  -> (artifact id: '607be3d7e5091c213264d2b63035cc10') in 0.021728 seconds 
========================================================================
Received Import Request.
  Time since last request: 0.648359 seconds.
  path: Assets/HorrorHideAndSeek/HHS Project/Sounds/Interact/Colliding/GlassItemFall.wav
  artifactKey: Guid(c2038e14a2a717845a004ca081e7ef05) Importer(815301076,1909f56bfc062723c751e8b465ee728b)
Start importing Assets/HorrorHideAndSeek/HHS Project/Sounds/Interact/Colliding/GlassItemFall.wav using Guid(c2038e14a2a717845a004ca081e7ef05) Importer(815301076,1909f56bfc062723c751e8b465ee728b)  -> (artifact id: 'c32da2aaa1931e6c00ad2fce56e9ca36') in 0.021679 seconds 
========================================================================
Received Import Request.
  Time since last request: 0.000226 seconds.
  path: Assets/HorrorHideAndSeek/HHS Project/Sounds/FootSteps/Enemy/FootStep06.wav
  artifactKey: Guid(c75edd8a364e4b84e829be9248b4f12d) Importer(815301076,1909f56bfc062723c751e8b465ee728b)
Start importing Assets/HorrorHideAndSeek/HHS Project/Sounds/FootSteps/Enemy/FootStep06.wav using Guid(c75edd8a364e4b84e829be9248b4f12d) Importer(815301076,1909f56bfc062723c751e8b465ee728b)  -> (artifact id: '458c5cd133baeff9090c6f6a1aa5d417') in 0.020546 seconds 
========================================================================
Received Import Request.
  Time since last request: 0.000169 seconds.
  path: Assets/HorrorHideAndSeek/HHS Project/Sounds/Interact/Pickup/GlassItemPickup.wav
  artifactKey: Guid(3ef4e5c041eb2ad48930a9a6c83417b3) Importer(815301076,1909f56bfc062723c751e8b465ee728b)
Start importing Assets/HorrorHideAndSeek/HHS Project/Sounds/Interact/Pickup/GlassItemPickup.wav using Guid(3ef4e5c041eb2ad48930a9a6c83417b3) Importer(815301076,1909f56bfc062723c751e8b465ee728b)  -> (artifact id: '52ad787baa304c8c48c47b255311a9f3') in 0.016493 seconds 
========================================================================
Received Import Request.
  Time since last request: 0.000352 seconds.
  path: Assets/HorrorHideAndSeek/HHS Project/Sounds/FootSteps/Enemy/FootStep07.wav
  artifactKey: Guid(9bbfdb15906c40042a9e8b9bb25fe1ac) Importer(815301076,1909f56bfc062723c751e8b465ee728b)
Start importing Assets/HorrorHideAndSeek/HHS Project/Sounds/FootSteps/Enemy/FootStep07.wav using Guid(9bbfdb15906c40042a9e8b9bb25fe1ac) Importer(815301076,1909f56bfc062723c751e8b465ee728b)  -> (artifact id: '602c2286568674369c7721c5f60d2f32') in 0.012719 seconds 
========================================================================
Received Import Request.
  Time since last request: 0.154552 seconds.
  path: Assets/HorrorHideAndSeek/HHS Project/Sounds/FootSteps/Enemy/FootStep04.wav
  artifactKey: Guid(6d4505cefa4c9ae42b2ad31187573c49) Importer(815301076,1909f56bfc062723c751e8b465ee728b)
Start importing Assets/HorrorHideAndSeek/HHS Project/Sounds/FootSteps/Enemy/FootStep04.wav using Guid(6d4505cefa4c9ae42b2ad31187573c49) Importer(815301076,1909f56bfc062723c751e8b465ee728b)  -> (artifact id: '0fe533a7f5e5ca40fb5edfa03e34bdc3') in 0.013207 seconds 
========================================================================
Received Import Request.
  Time since last request: 0.000162 seconds.
  path: Assets/HorrorHideAndSeek/HHS Project/Sounds/FootSteps/Enemy/FootStep02.wav
  artifactKey: Guid(702e821a84fca7446bd767dd1d5c3d88) Importer(815301076,1909f56bfc062723c751e8b465ee728b)
Start importing Assets/HorrorHideAndSeek/HHS Project/Sounds/FootSteps/Enemy/FootStep02.wav using Guid(702e821a84fca7446bd767dd1d5c3d88) Importer(815301076,1909f56bfc062723c751e8b465ee728b)  -> (artifact id: '67f06de6d45ac215190b4a55c42c816b') in 0.017360 seconds 
========================================================================
Received Import Request.
  Time since last request: 0.000163 seconds.
  path: Assets/HorrorHideAndSeek/HHS Project/Sounds/FootSteps/Enemy/FootStep01.wav
  artifactKey: Guid(169792f4258bc5543931280df81c8ce1) Importer(815301076,1909f56bfc062723c751e8b465ee728b)
Start importing Assets/HorrorHideAndSeek/HHS Project/Sounds/FootSteps/Enemy/FootStep01.wav using Guid(169792f4258bc5543931280df81c8ce1) Importer(815301076,1909f56bfc062723c751e8b465ee728b)  -> (artifact id: '6756b635683954b3aaf549fe4ffe271a') in 0.017481 seconds 
========================================================================
Received Import Request.
  Time since last request: 0.000189 seconds.
  path: Assets/HorrorHideAndSeek/HHS Project/Sounds/Interact/Drawer/drawer_close.wav
  artifactKey: Guid(796b4da2cf735c4448f407bfb055f8d7) Importer(815301076,1909f56bfc062723c751e8b465ee728b)
Start importing Assets/HorrorHideAndSeek/HHS Project/Sounds/Interact/Drawer/drawer_close.wav using Guid(796b4da2cf735c4448f407bfb055f8d7) Importer(815301076,1909f56bfc062723c751e8b465ee728b)  -> (artifact id: '3660530749d2d7d2a0327e60f0e7e473') in 0.020614 seconds 
========================================================================
Received Import Request.
  Time since last request: 0.000163 seconds.
  path: Assets/HorrorHideAndSeek/HHS Project/Sounds/FootSteps/Enemy/FootStep05.wav
  artifactKey: Guid(379fceb4911812d4dad8435cbe5fe59e) Importer(815301076,1909f56bfc062723c751e8b465ee728b)
Start importing Assets/HorrorHideAndSeek/HHS Project/Sounds/FootSteps/Enemy/FootStep05.wav using Guid(379fceb4911812d4dad8435cbe5fe59e) Importer(815301076,1909f56bfc062723c751e8b465ee728b)  -> (artifact id: '9901f0fefb865a43be2e3367d41e4a8c') in 0.017347 seconds 
========================================================================
Received Import Request.
  Time since last request: 0.000183 seconds.
  path: Assets/HorrorHideAndSeek/HHS Project/Sounds/Interact/Drawer/drawer_open.wav
  artifactKey: Guid(60896e9f775190443ad841030a29431f) Importer(815301076,1909f56bfc062723c751e8b465ee728b)
Start importing Assets/HorrorHideAndSeek/HHS Project/Sounds/Interact/Drawer/drawer_open.wav using Guid(60896e9f775190443ad841030a29431f) Importer(815301076,1909f56bfc062723c751e8b465ee728b)  -> (artifact id: 'da7c7260b2e5f7a1d89bcf5de2be6320') in 0.019745 seconds 
========================================================================
Received Import Request.
  Time since last request: 0.000192 seconds.
  path: Assets/HorrorHideAndSeek/HHS Project/Sounds/FootSteps/Enemy/FootStep03.wav
  artifactKey: Guid(40320d8731985f244a8d0579d5e8b057) Importer(815301076,1909f56bfc062723c751e8b465ee728b)
Start importing Assets/HorrorHideAndSeek/HHS Project/Sounds/FootSteps/Enemy/FootStep03.wav using Guid(40320d8731985f244a8d0579d5e8b057) Importer(815301076,1909f56bfc062723c751e8b465ee728b)  -> (artifact id: '4e52313317b9ad9abfe594280bab3de9') in 0.030487 seconds 
========================================================================
Received Import Request.
  Time since last request: 0.000163 seconds.
  path: Assets/HorrorHideAndSeek/HHS Project/Sounds/Interact/Doors/Unlock/door_unlock01.wav
  artifactKey: Guid(f4b7577c56e48b641a02e25632ff828f) Importer(815301076,1909f56bfc062723c751e8b465ee728b)
Start importing Assets/HorrorHideAndSeek/HHS Project/Sounds/Interact/Doors/Unlock/door_unlock01.wav using Guid(f4b7577c56e48b641a02e25632ff828f) Importer(815301076,1909f56bfc062723c751e8b465ee728b)  -> (artifact id: '33a7702fc36cbb1f54707426c7954875') in 0.019013 seconds 
========================================================================
Received Import Request.
  Time since last request: 0.000162 seconds.
  path: Assets/HorrorHideAndSeek/HHS Project/Sounds/Interact/Doors/OpenSounds/door_open05.wav
  artifactKey: Guid(75de23af58424ad4d8989fc8c264f06a) Importer(815301076,1909f56bfc062723c751e8b465ee728b)
Start importing Assets/HorrorHideAndSeek/HHS Project/Sounds/Interact/Doors/OpenSounds/door_open05.wav using Guid(75de23af58424ad4d8989fc8c264f06a) Importer(815301076,1909f56bfc062723c751e8b465ee728b)  -> (artifact id: '11146a5169e775826635e909f2145e4e') in 0.031299 seconds 
========================================================================
Received Import Request.
  Time since last request: 0.000168 seconds.
  path: Assets/HorrorHideAndSeek/HHS Project/Sounds/Interact/Doors/OpenSounds/door_open04.wav
  artifactKey: Guid(e1c450736c633554cb6dab03307e9001) Importer(815301076,1909f56bfc062723c751e8b465ee728b)
Start importing Assets/HorrorHideAndSeek/HHS Project/Sounds/Interact/Doors/OpenSounds/door_open04.wav using Guid(e1c450736c633554cb6dab03307e9001) Importer(815301076,1909f56bfc062723c751e8b465ee728b)  -> (artifact id: '448fc39cb380c5d75c2c5ed42d11b94f') in 0.013400 seconds 
========================================================================
Received Import Request.
  Time since last request: 281.401005 seconds.
  path: Assets/HorrorHideAndSeek/HHS Project/Scenes/MainMenu/LightingData.asset
  artifactKey: Guid(68c13c9a28761bf44b47737190701786) Importer(815301076,1909f56bfc062723c751e8b465ee728b)
Start importing Assets/HorrorHideAndSeek/HHS Project/Scenes/MainMenu/LightingData.asset using Guid(68c13c9a28761bf44b47737190701786) Importer(815301076,1909f56bfc062723c751e8b465ee728b) Lighting data asset ‘LightingData’ is inconsistent because 2 files out of 8 are missing.  Please use Generate Lighting to rebuild the lighting data.

 -> (artifact id: '4de01b46197dc48345cadf028e352349') in 0.013930 seconds 
========================================================================
Received Prepare
Registering precompiled user dll's ...
Registered in 0.003532 seconds.
Begin MonoManager ReloadAssembly
Symbol file LoadedFromMemory doesn't match image E:\smile\Alpha 04112021\Library\PackageCache\com.unity.visualscripting@1.6.1\Editor\VisualScripting.Core\Dependencies\YamlDotNet\Unity.VisualScripting.YamlDotNet.dll
Symbol file LoadedFromMemory doesn't match image E:\smile\Alpha 04112021\Library\PackageCache\com.unity.visualscripting@1.6.1\Editor\VisualScripting.Core\Dependencies\DotNetZip\Unity.VisualScripting.IonicZip.dll
Native extension for WindowsStandalone target not found
Refreshing native plugins compatible for Editor in 0.71 ms, found 3 plugins.
Preloading 0 native plugins for Editor in 0.00 ms.
Mono: successfully reloaded assembly
- Completed reload, in  1.011 seconds
Domain Reload Profiling:
	ReloadAssembly (1012ms)
		BeginReloadAssembly (112ms)
			ExecutionOrderSort (0ms)
			DisableScriptedObjects (4ms)
			BackupInstance (0ms)
			ReleaseScriptingObjects (0ms)
			CreateAndSetChildDomain (37ms)
		EndReloadAssembly (841ms)
			LoadAssemblies (92ms)
			RebuildTransferFunctionScriptingTraits (0ms)
			SetupTypeCache (305ms)
			ReleaseScriptCaches (1ms)
			RebuildScriptCaches (36ms)
			SetupLoadedEditorAssemblies (328ms)
				LogAssemblyErrors (0ms)
				InitializePlatformSupportModulesInManaged (4ms)
				SetLoadedEditorAssemblies (0ms)
				RefreshPlugins (1ms)
				BeforeProcessingInitializeOnLoad (46ms)
				ProcessInitializeOnLoadAttributes (266ms)
				ProcessInitializeOnLoadMethodAttributes (4ms)
				AfterProcessingInitializeOnLoad (7ms)
				EditorAssembliesLoaded (0ms)
			ExecutionOrderSort2 (0ms)
			AwakeInstancesAfterBackupRestoration (6ms)
Platform modules already initialized, skipping
Refreshing native plugins compatible for Editor in 0.73 ms, found 3 plugins.
Preloading 0 native plugins for Editor in 0.00 ms.
Unloading 2982 Unused Serialized files (Serialized files now loaded: 0)
System memory in use before: 113.7 MB.
System memory in use after: 113.9 MB.

Unloading 18 unused Assets to reduce memory usage. Loaded Objects now: 3456.
Total: 3.556100 ms (FindLiveObjects: 0.292400 ms CreateObjectMapping: 0.120700 ms MarkObjects: 3.086700 ms  DeleteObjects: 0.054900 ms)

AssetImportParameters requested are different than current active one (requested -> active):
  custom:framework-win-MediaFoundation: 216162199b28c13a410421893ffa2e32 -> 
  custom:video-decoder-ogg-theora: a1e56fd34408186e4bbccfd4996cb3dc -> 
  custom:container-muxer-webm: aa71ff27fc2769a1b78a27578f13a17b -> 
  custom:container-demuxer-webm: 4f35f7cbe854078d1ac9338744f61a02 -> 
  custom:container-demuxer-ogg: 62fdf1f143b41e24485cea50d1cbac27 -> 
  custom:video-encoder-webm-vp8: eb34c28f22e8b96e1ab97ce403110664 -> 
  custom:video-codec-MediaFoundation-h265: e54d7ab0439102e2317fc1e4b246158d -> 
  custom:video-decoder-webm-vp8: 9c59270c3fd7afecdb556c50c9e8de78 -> 
  custom:audio-decoder-ogg-vorbis: bf7c407c2cedff20999df2af8eb42d56 -> 
  custom:audio-encoder-webm-vorbis: bf7c407c2cedff20999df2af8eb42d56 -> 
========================================================================
Received Prepare
Registering precompiled user dll's ...
Registered in 0.110131 seconds.
Begin MonoManager ReloadAssembly
Symbol file LoadedFromMemory doesn't match image E:\smile\Alpha 04112021\Library\PackageCache\com.unity.visualscripting@1.6.1\Editor\VisualScripting.Core\Dependencies\YamlDotNet\Unity.VisualScripting.YamlDotNet.dll
Symbol file LoadedFromMemory doesn't match image E:\smile\Alpha 04112021\Library\PackageCache\com.unity.visualscripting@1.6.1\Editor\VisualScripting.Core\Dependencies\DotNetZip\Unity.VisualScripting.IonicZip.dll
Native extension for WindowsStandalone target not found
Refreshing native plugins compatible for Editor in 0.77 ms, found 3 plugins.
Preloading 0 native plugins for Editor in 0.00 ms.
Mono: successfully reloaded assembly
- Completed reload, in  1.008 seconds
Domain Reload Profiling:
	ReloadAssembly (1008ms)
		BeginReloadAssembly (108ms)
			ExecutionOrderSort (0ms)
			DisableScriptedObjects (4ms)
			BackupInstance (0ms)
			ReleaseScriptingObjects (0ms)
			CreateAndSetChildDomain (33ms)
		EndReloadAssembly (842ms)
			LoadAssemblies (86ms)
			RebuildTransferFunctionScriptingTraits (0ms)
			SetupTypeCache (307ms)
			ReleaseScriptCaches (1ms)
			RebuildScriptCaches (37ms)
			SetupLoadedEditorAssemblies (330ms)
				LogAssemblyErrors (0ms)
				InitializePlatformSupportModulesInManaged (4ms)
				SetLoadedEditorAssemblies (0ms)
				RefreshPlugins (1ms)
				BeforeProcessingInitializeOnLoad (45ms)
				ProcessInitializeOnLoadAttributes (269ms)
				ProcessInitializeOnLoadMethodAttributes (4ms)
				AfterProcessingInitializeOnLoad (7ms)
				EditorAssembliesLoaded (0ms)
			ExecutionOrderSort2 (0ms)
			AwakeInstancesAfterBackupRestoration (6ms)
Platform modules already initialized, skipping
Refreshing native plugins compatible for Editor in 0.76 ms, found 3 plugins.
Preloading 0 native plugins for Editor in 0.00 ms.
Unloading 2982 Unused Serialized files (Serialized files now loaded: 0)
System memory in use before: 113.7 MB.
System memory in use after: 113.9 MB.

Unloading 18 unused Assets to reduce memory usage. Loaded Objects now: 3459.
Total: 4.060500 ms (FindLiveObjects: 0.444000 ms CreateObjectMapping: 0.128000 ms MarkObjects: 3.428500 ms  DeleteObjects: 0.057900 ms)

AssetImportParameters requested are different than current active one (requested -> active):
  custom:framework-win-MediaFoundation: 216162199b28c13a410421893ffa2e32 -> 
  custom:video-decoder-ogg-theora: a1e56fd34408186e4bbccfd4996cb3dc -> 
  custom:container-muxer-webm: aa71ff27fc2769a1b78a27578f13a17b -> 
  custom:container-demuxer-webm: 4f35f7cbe854078d1ac9338744f61a02 -> 
  custom:container-demuxer-ogg: 62fdf1f143b41e24485cea50d1cbac27 -> 
  custom:video-encoder-webm-vp8: eb34c28f22e8b96e1ab97ce403110664 -> 
  custom:video-codec-MediaFoundation-h265: e54d7ab0439102e2317fc1e4b246158d -> 
  custom:video-decoder-webm-vp8: 9c59270c3fd7afecdb556c50c9e8de78 -> 
  custom:audio-decoder-ogg-vorbis: bf7c407c2cedff20999df2af8eb42d56 -> 
  custom:audio-encoder-webm-vorbis: bf7c407c2cedff20999df2af8eb42d56 -> 
AssetImportWorkerClient::OnTransportError - code=2 error=End of file
